<?xml version="1.0" encoding="UTF-8"?>
<!-- Generated by org.testng.reporters.JUnitReportReporter -->
<testsuite hostname="Jhansi" failures="0" tests="1" name="testpack.screenshot" time="3.179" errors="0" timestamp="2023-04-26T15:30:45 IST" skipped="0">
  <testcase classname="testpack.screenshot" name="test" time="3.179"/>
  <system-out>
    <![CDATA[Chrome Browser got launched
Navigated to login page of the application
Enter the valid credentails and clicked on login button
<a target="_blank" href="\home\navadhiti\eclipse-workspace1\TestNG\screenshots\screenshot1.png">Screenshot</a>
<img src="\home\navadhiti\eclipse-workspace1\TestNG\screenshots\screenshot1.png"/>]]>
  </system-out>
</testsuite> <!-- testpack.screenshot -->
